#
# There is insufficient memory for the Java Runtime Environment to continue.
# Native memory allocation (mmap) failed to map 132120576 bytes for Failed to commit area from 0x0000000083a00000 to 0x000000008b800000 of length 132120576.
# Possible reasons:
#   The system is out of physical RAM or swap space
#   The process is running with CompressedOops enabled, and the Java Heap may be blocking the growth of the native heap
# Possible solutions:
#   Reduce memory load on the system
#   Increase physical memory or swap space
#   Check if swap backing store is full
#   Decrease Java heap size (-Xmx/-Xms)
#   Decrease number of Java threads
#   Decrease Java thread stack sizes (-Xss)
#   Set larger code cache with -XX:ReservedCodeCacheSize=
# This output file may be truncated or incomplete.
#
#  Out of Memory Error (src/hotspot/os/windows/os_windows.cpp:3627), pid=18488, tid=24144
#
# JRE version:  (11.0.15) (build )
# Java VM: OpenJDK 64-Bit Server VM (11.0.15+0-b2043.56-9505619, mixed mode, sharing, tiered, compressed oops, g1 gc, windows-amd64)
# No core dump will be written. Minidumps are not enabled by default on client versions of Windows
#

---------------  S U M M A R Y ------------

Command Line: git4idea.http.GitAskPassApp Username for 'https://github.com': 

Host: 11th Gen Intel(R) Core(TM) i5-11400H @ 2.70GHz, 12 cores, 7G,  Windows 11 , 64 bit Build 22621 (10.0.22621.1635)
Time: Mon May 29 19:37:09 2023 SE Asia Standard Time elapsed time: 0.011026 seconds (0d 0h 0m 0s)

---------------  T H R E A D  ---------------

Current thread (0x000002d54ffb6800):  JavaThread "Unknown thread" [_thread_in_vm, id=24144, stack(0x000000e488c00000,0x000000e488d00000)]

Stack: [0x000000e488c00000,0x000000e488d00000]
Native frames: (J=compiled Java code, j=interpreted, Vv=VM code, C=native code)
V  [jvm.dll+0x64135a]
V  [jvm.dll+0x7d39f9]
V  [jvm.dll+0x7d51b9]
V  [jvm.dll+0x7d58a3]
V  [jvm.dll+0x2691c5]
V  [jvm.dll+0x63e4e9]
V  [jvm.dll+0x632985]
V  [jvm.dll+0x3231ac]
V  [jvm.dll+0x323032]
V  [jvm.dll+0x327c06]
V  [jvm.dll+0x36ffa2]
V  [jvm.dll+0x36fa01]
V  [jvm.dll+0x2fea28]
V  [jvm.dll+0x2ffb25]
V  [jvm.dll+0x7accd7]
V  [jvm.dll+0x7ae49f]
V  [jvm.dll+0x37d299]
V  [jvm.dll+0x78ef9f]
V  [jvm.dll+0x3ec847]
V  [jvm.dll+0x3eed31]
C  [jli.dll+0x52cb]
C  [ucrtbase.dll+0x29363]
C  [KERNEL32.DLL+0x126ad]
C  [ntdll.dll+0x5a9f8]


---------------  P R O C E S S  ---------------

Threads class SMR info:
_java_thread_list=0x000002d54fe04d30, length=0, elements={
}

Java Threads: ( => current thread )

Other Threads:
  0x000002d54ffcb800 GCTaskThread "GC Thread#0" [stack: 0x000000e488d00000,0x000000e488e00000] [id=23836]
  0x000002d54fffc000 ConcurrentGCThread "G1 Main Marker" [stack: 0x000000e488e00000,0x000000e488f00000] [id=21836]
  0x000002d54fffe000 ConcurrentGCThread "G1 Conc#0" [stack: 0x000000e488f00000,0x000000e489000000] [id=25420]

[error occurred during error reporting (printing all threads), id 0xc0000005, EXCEPTION_ACCESS_VIOLATION (0xc0000005) at pc=0x00007ffe64e4f3e7]

VM state:not at safepoint (not fully initialized)

VM Mutex/Monitor currently owned by a thread:  ([mutex/lock_event])
[0x000002d54ffb26a0] Heap_lock - owner thread: 0x000002d54ffb6800

Heap address: 0x0000000083a00000, size: 1990 MB, Compressed Oops mode: Non-zero based: 0x0000000083a00000
Narrow klass base: 0x0000000000000000, Narrow klass shift: 0

GC Heap History (0 events):
No events

Deoptimization events (0 events):
No events

Classes redefined (0 events):
No events

Internal exceptions (0 events):
No events

Events (1 events):
Event: 0.007 Loaded shared library C:\Program Files\Android\Android Studio\jbr\bin\zip.dll


Dynamic libraries:
0x00007ff7c6cb0000 - 0x00007ff7c6cba000 	C:\Program Files\Android\Android Studio\jbr\bin\java.exe
0x00007ffedd450000 - 0x00007ffedd664000 	C:\WINDOWS\SYSTEM32\ntdll.dll
0x00007ffedc140000 - 0x00007ffedc202000 	C:\WINDOWS\System32\KERNEL32.DLL
0x00007ffedaae0000 - 0x00007ffedae83000 	C:\WINDOWS\System32\KERNELBASE.dll
0x00007ffedaf50000 - 0x00007ffedb061000 	C:\WINDOWS\System32\ucrtbase.dll
0x00007ffebab10000 - 0x00007ffebab27000 	C:\Program Files\Android\Android Studio\jbr\bin\jli.dll
0x00007ffeba770000 - 0x00007ffeba78b000 	C:\Program Files\Android\Android Studio\jbr\bin\VCRUNTIME140.dll
0x00007ffedba10000 - 0x00007ffedbbbb000 	C:\WINDOWS\System32\USER32.dll
0x00007ffec3d80000 - 0x00007ffec400e000 	C:\WINDOWS\WinSxS\amd64_microsoft.windows.common-controls_6595b64144ccf1df_6.0.22621.1635_none_270f70857386168e\COMCTL32.dll
0x00007ffedaa10000 - 0x00007ffedaa36000 	C:\WINDOWS\System32\win32u.dll
0x00007ffedb340000 - 0x00007ffedb3e7000 	C:\WINDOWS\System32\msvcrt.dll
0x00007ffedc3e0000 - 0x00007ffedc409000 	C:\WINDOWS\System32\GDI32.dll
0x00007ffeda870000 - 0x00007ffeda988000 	C:\WINDOWS\System32\gdi32full.dll
0x00007ffedaa40000 - 0x00007ffedaada000 	C:\WINDOWS\System32\msvcp_win.dll
0x00007ffedb250000 - 0x00007ffedb281000 	C:\WINDOWS\System32\IMM32.DLL
0x00007ffec97e0000 - 0x00007ffec97ec000 	C:\Program Files\Android\Android Studio\jbr\bin\vcruntime140_1.dll
0x00007ffe8c330000 - 0x00007ffe8c3bd000 	C:\Program Files\Android\Android Studio\jbr\bin\msvcp140.dll
0x00007ffe64b40000 - 0x00007ffe656fc000 	C:\Program Files\Android\Android Studio\jbr\bin\server\jvm.dll
0x00007ffedd360000 - 0x00007ffedd40e000 	C:\WINDOWS\System32\ADVAPI32.dll
0x00007ffedc210000 - 0x00007ffedc2b4000 	C:\WINDOWS\System32\sechost.dll
0x00007ffedc2c0000 - 0x00007ffedc3d7000 	C:\WINDOWS\System32\RPCRT4.dll
0x00007ffedd0e0000 - 0x00007ffedd0e8000 	C:\WINDOWS\System32\PSAPI.DLL
0x00007ffed29b0000 - 0x00007ffed29b9000 	C:\WINDOWS\SYSTEM32\WSOCK32.dll
0x00007ffecf520000 - 0x00007ffecf554000 	C:\WINDOWS\SYSTEM32\WINMM.dll
0x00007ffec97d0000 - 0x00007ffec97da000 	C:\WINDOWS\SYSTEM32\VERSION.dll
0x00007ffedd1f0000 - 0x00007ffedd261000 	C:\WINDOWS\System32\WS2_32.dll
0x00007ffed98e0000 - 0x00007ffed98f8000 	C:\WINDOWS\SYSTEM32\kernel.appcore.dll
0x00007ffed2410000 - 0x00007ffed2420000 	C:\Program Files\Android\Android Studio\jbr\bin\verify.dll
0x00007ffed81e0000 - 0x00007ffed840e000 	C:\WINDOWS\SYSTEM32\DBGHELP.DLL
0x00007ffedcd50000 - 0x00007ffedd0d9000 	C:\WINDOWS\System32\combase.dll
0x00007ffedc410000 - 0x00007ffedc4e7000 	C:\WINDOWS\System32\OLEAUT32.dll
0x00007ffebc920000 - 0x00007ffebc952000 	C:\WINDOWS\SYSTEM32\dbgcore.DLL
0x00007ffeda990000 - 0x00007ffedaa0b000 	C:\WINDOWS\System32\bcryptPrimitives.dll
0x00007ffebacc0000 - 0x00007ffebace8000 	C:\Program Files\Android\Android Studio\jbr\bin\java.dll
0x00007ffed2390000 - 0x00007ffed239a000 	C:\Program Files\Android\Android Studio\jbr\bin\jimage.dll
0x00007ffebad70000 - 0x00007ffebad88000 	C:\Program Files\Android\Android Studio\jbr\bin\zip.dll

dbghelp: loaded successfully - version: 4.0.5 - missing functions: none
symbol engine: initialized successfully - sym options: 0x614 - pdb path: .;C:\Program Files\Android\Android Studio\jbr\bin;C:\WINDOWS\SYSTEM32;C:\WINDOWS\WinSxS\amd64_microsoft.windows.common-controls_6595b64144ccf1df_6.0.22621.1635_none_270f70857386168e;C:\Program Files\Android\Android Studio\jbr\bin\server

VM Arguments:
java_command: git4idea.http.GitAskPassApp Username for 'https://github.com': 
java_class_path (initial): C:/Program Files/Android/Android Studio/plugins/git4idea/lib/git4idea-rt.jar;C:/Program Files/Android/Android Studio/lib/externalProcess-rt.jar;C:/Program Files/Android/Android Studio/lib/app.jar;C:/Program Files/Android/Android Studio/lib/3rd-party-rt.jar
Launcher Type: SUN_STANDARD

[Global flags]
     intx CICompilerCount                          = 4                                         {product} {ergonomic}
     uint ConcGCThreads                            = 3                                         {product} {ergonomic}
     uint G1ConcRefinementThreads                  = 10                                        {product} {ergonomic}
   size_t G1HeapRegionSize                         = 1048576                                   {product} {ergonomic}
    uintx GCDrainStackTargetSize                   = 64                                        {product} {ergonomic}
   size_t InitialHeapSize                          = 132120576                                 {product} {ergonomic}
   size_t MarkStackSize                            = 4194304                                   {product} {ergonomic}
   size_t MaxHeapSize                              = 2086666240                                {product} {ergonomic}
   size_t MinHeapDeltaBytes                        = 1048576                                   {product} {ergonomic}
    uintx NonNMethodCodeHeapSize                   = 5836300                                {pd product} {ergonomic}
    uintx NonProfiledCodeHeapSize                  = 122910970                              {pd product} {ergonomic}
    uintx ProfiledCodeHeapSize                     = 122910970                              {pd product} {ergonomic}
    uintx ReservedCodeCacheSize                    = 251658240                              {pd product} {ergonomic}
     bool SegmentedCodeCache                       = true                                      {product} {ergonomic}
     bool UseCompressedClassPointers               = true                                 {lp64_product} {ergonomic}
     bool UseCompressedOops                        = true                                 {lp64_product} {ergonomic}
     bool UseG1GC                                  = true                                      {product} {ergonomic}
     bool UseLargePagesIndividualAllocation        = false                                  {pd product} {ergonomic}

Logging:
Log output configuration:
 #0: stdout all=warning uptime,level,tags
 #1: stderr all=off uptime,level,tags

Environment Variables:
JAVA_HOME=C:\Program Files\Java\jdk-17
PATH=C:\Program Files\Git\mingw64\libexec\git-core;C:\Program Files\Git\mingw64\libexec\git-core;C:\Program Files\Git\mingw64\bin;C:\Program Files\Git\usr\bin;C:\Users\ACER\bin;C:\Program Files\Java\jdk-17\bin;C:\Program Files\Common Files\Oracle\Java\javapath;C:\Python311\Scripts;C:\Python311;C:\Program Files (x86)\VMware\VMware Workstation\bin;C:\Windows\system32;C:\Windows;C:\Windows\System32\Wbem;C:\Windows\System32\WindowsPowerShell\v1.0;C:\Windows\System32\OpenSSH;C:\Program Files (x86)\NVIDIA Corporation\PhysX\Common;C:\Program Files\dotnet;C:\Program Files\NVIDIA Corporation\NVIDIA NvDLISR;C:\Program Files\nodejs;C:\ProgramData\chocolatey\bin;C:\Program Files\gradle-8.0.2\bin;C:\WINDOWS\system32;C:\WINDOWS;C:\WINDOWS\System32\Wbem;C:\WINDOWS\System32\WindowsPowerShell\v1.0;C:\WINDOWS\System32\OpenSSH;C:\Program Files\Git\cmd;C:\Program Files\GitHub CLI;C:\Users\ACER\AppData\Roaming\TinyTeX\bin\win32;C:\Users\ACER\AppData\Local\Programs\Python\Python310\Scripts;C:\Users\ACER\AppData\Local\Programs\Python\Python310;C:\Users\ACER\AppData\Local\Microsoft\WindowsApps;C:\Users\ACER\AppData\Local\Programs\Microsoft VS Code\bin;C:\Users\ACER\AppData\Local\Programs\MiKTeX\miktex\bin\x64;C:\Users\ACER\AppData\Roaming\npm;C:\Program Files\JetBrains\IntelliJ IDEA 2022.3.2\bin;C:\Program Files\JetBrains\IntelliJ IDEA Community Edition 2022.3.2\bin
USERNAME=ACER
DISPLAY=:0.0
LC_ALL=en_US.UTF-8
OS=Windows_NT
PROCESSOR_IDENTIFIER=Intel64 Family 6 Model 141 Stepping 1, GenuineIntel



---------------  S Y S T E M  ---------------

OS: Windows 11 , 64 bit Build 22621 (10.0.22621.1635)
OS uptime: 1 days 1:22 hours
Hyper-V role detected

CPU:total 12 (initial active 12) (6 cores per cpu, 2 threads per core) family 6 model 141 stepping 1 microcode 0x3c, cmov, cx8, fxsr, mmx, sse, sse2, sse3, ssse3, sse4.1, sse4.2, popcnt, avx, avx2, aes, clmul, erms, 3dnowpref, lzcnt, ht, tsc, tscinvbit, bmi1, bmi2, adx, evex, sha, fma

Memory: 4k page, system-wide physical 7955M (311M free)
TotalPageFile size 20243M (AvailPageFile size 11M)
current process WorkingSet (physical memory assigned to process): 10M, peak: 10M
current process commit charge ("private bytes"): 64M, peak: 190M

vm_info: OpenJDK 64-Bit Server VM (11.0.15+0-b2043.56-9505619) for windows-amd64 JRE (11.0.15+0-b2043.56-9505619), built on Jan 19 2023 02:48:00 by "builduser" with unknown MS VC++:1929

END.
