#
# There is insufficient memory for the Java Runtime Environment to continue.
# Native memory allocation (malloc) failed to allocate 1048576 bytes for AllocateHeap
# Possible reasons:
#   The system is out of physical RAM or swap space
#   The process is running with CompressedOops enabled, and the Java Heap may be blocking the growth of the native heap
# Possible solutions:
#   Reduce memory load on the system
#   Increase physical memory or swap space
#   Check if swap backing store is full
#   Decrease Java heap size (-Xmx/-Xms)
#   Decrease number of Java threads
#   Decrease Java thread stack sizes (-Xss)
#   Set larger code cache with -XX:ReservedCodeCacheSize=
# This output file may be truncated or incomplete.
#
#  Out of Memory Error (src/hotspot/share/memory/allocation.cpp:46), pid=17244, tid=23288
#
# JRE version:  (11.0.15) (build )
# Java VM: OpenJDK 64-Bit Server VM (11.0.15+0-b2043.56-9505619, mixed mode, sharing, tiered, compressed oops, g1 gc, windows-amd64)
# No core dump will be written. Minidumps are not enabled by default on client versions of Windows
#

---------------  S U M M A R Y ------------

Command Line: git4idea.http.GitAskPassApp Username for 'https://github.com': 

Host: 11th Gen Intel(R) Core(TM) i5-11400H @ 2.70GHz, 12 cores, 7G,  Windows 11 , 64 bit Build 22621 (10.0.22621.1635)
Time: Fri May 26 19:24:42 2023 SE Asia Standard Time elapsed time: 0.133399 seconds (0d 0h 0m 0s)

---------------  T H R E A D  ---------------

Current thread (0x000001f561e11000):  JavaThread "Unknown thread" [_thread_in_vm, id=23288, stack(0x000000ede4800000,0x000000ede4900000)]

Stack: [0x000000ede4800000,0x000000ede4900000]
Native frames: (J=compiled Java code, j=interpreted, Vv=VM code, C=native code)
V  [jvm.dll+0x64135a]
V  [jvm.dll+0x7d39f9]
V  [jvm.dll+0x7d51b9]
V  [jvm.dll+0x7d58a3]
V  [jvm.dll+0x2691c5]
V  [jvm.dll+0xb8874]
V  [jvm.dll+0x305f59]
V  [jvm.dll+0x2ffaed]
V  [jvm.dll+0x7accd7]
V  [jvm.dll+0x7ae49f]
V  [jvm.dll+0x37d299]
V  [jvm.dll+0x78ef9f]
V  [jvm.dll+0x3ec847]
V  [jvm.dll+0x3eed31]
C  [jli.dll+0x52cb]
C  [ucrtbase.dll+0x29363]
C  [KERNEL32.DLL+0x126ad]
C  [ntdll.dll+0x5a9f8]


---------------  P R O C E S S  ---------------

Threads class SMR info:
_java_thread_list=0x000001f55fb52270, length=0, elements={
}

Java Threads: ( => current thread )

Other Threads:
  0x000001f561e2b000 GCTaskThread "GC Thread#0" [stack: 0x000000ede4900000,0x000000ede4a00000] [id=23276]

[error occurred during error reporting (printing all threads), id 0xc0000005, EXCEPTION_ACCESS_VIOLATION (0xc0000005) at pc=0x00007ffb75c3bf70]

VM state:not at safepoint (not fully initialized)

VM Mutex/Monitor currently owned by a thread:  ([mutex/lock_event])
[0x000001f561e0ecd0] Heap_lock - owner thread: 0x000001f561e11000

Heap address: 0x0000000083a00000, size: 1990 MB, Compressed Oops mode: Non-zero based: 0x0000000083a00000
Narrow klass base: 0x0000000000000000, Narrow klass shift: 0

GC Heap History (0 events):
No events

Deoptimization events (0 events):
No events

Classes redefined (0 events):
No events

Internal exceptions (0 events):
No events

Events (1 events):
Event: 0.079 Loaded shared library C:\Program Files\Android\Android Studio\jbr\bin\zip.dll


Dynamic libraries:
0x00007ff7556c0000 - 0x00007ff7556ca000 	C:\Program Files\Android\Android Studio\jbr\bin\java.exe
0x00007ffc1b390000 - 0x00007ffc1b5a4000 	C:\WINDOWS\SYSTEM32\ntdll.dll
0x00007ffc19c10000 - 0x00007ffc19cd2000 	C:\WINDOWS\System32\KERNEL32.DLL
0x00007ffc18b60000 - 0x00007ffc18f03000 	C:\WINDOWS\System32\KERNELBASE.dll
0x00007ffc188d0000 - 0x00007ffc189e1000 	C:\WINDOWS\System32\ucrtbase.dll
0x00007ffc138f0000 - 0x00007ffc13907000 	C:\Program Files\Android\Android Studio\jbr\bin\jli.dll
0x00007ffc1af30000 - 0x00007ffc1b0db000 	C:\WINDOWS\System32\USER32.dll
0x00007ffc18f90000 - 0x00007ffc18fb6000 	C:\WINDOWS\System32\win32u.dll
0x00007ffc1ac90000 - 0x00007ffc1acb9000 	C:\WINDOWS\System32\GDI32.dll
0x00007ffc187b0000 - 0x00007ffc188c8000 	C:\WINDOWS\System32\gdi32full.dll
0x00007ffc18fc0000 - 0x00007ffc1905a000 	C:\WINDOWS\System32\msvcp_win.dll
0x00007ffc00710000 - 0x00007ffc0099e000 	C:\WINDOWS\WinSxS\amd64_microsoft.windows.common-controls_6595b64144ccf1df_6.0.22621.1635_none_270f70857386168e\COMCTL32.dll
0x00007ffc19a20000 - 0x00007ffc19ac7000 	C:\WINDOWS\System32\msvcrt.dll
0x00007ffc0ad30000 - 0x00007ffc0ad4b000 	C:\Program Files\Android\Android Studio\jbr\bin\VCRUNTIME140.dll
0x00007ffc1b0f0000 - 0x00007ffc1b121000 	C:\WINDOWS\System32\IMM32.DLL
0x00007ffc12fc0000 - 0x00007ffc12fcc000 	C:\Program Files\Android\Android Studio\jbr\bin\vcruntime140_1.dll
0x00007ffbe1d10000 - 0x00007ffbe1d9d000 	C:\Program Files\Android\Android Studio\jbr\bin\msvcp140.dll
0x00007ffb75930000 - 0x00007ffb764ec000 	C:\Program Files\Android\Android Studio\jbr\bin\server\jvm.dll
0x00007ffc19190000 - 0x00007ffc1923e000 	C:\WINDOWS\System32\ADVAPI32.dll
0x00007ffc1abd0000 - 0x00007ffc1ac74000 	C:\WINDOWS\System32\sechost.dll
0x00007ffc1b130000 - 0x00007ffc1b247000 	C:\WINDOWS\System32\RPCRT4.dll
0x00007ffc19c00000 - 0x00007ffc19c08000 	C:\WINDOWS\System32\PSAPI.DLL
0x00007ffc0f1f0000 - 0x00007ffc0f1f9000 	C:\WINDOWS\SYSTEM32\WSOCK32.dll
0x00007ffc1aeb0000 - 0x00007ffc1af21000 	C:\WINDOWS\System32\WS2_32.dll
0x00007ffc11af0000 - 0x00007ffc11afa000 	C:\WINDOWS\SYSTEM32\VERSION.dll
0x00007ffc117f0000 - 0x00007ffc11824000 	C:\WINDOWS\SYSTEM32\WINMM.dll
0x00007ffc177c0000 - 0x00007ffc177d8000 	C:\WINDOWS\SYSTEM32\kernel.appcore.dll
0x00007ffc0f0d0000 - 0x00007ffc0f0e0000 	C:\Program Files\Android\Android Studio\jbr\bin\verify.dll
0x00007ffc16120000 - 0x00007ffc1634e000 	C:\WINDOWS\SYSTEM32\DBGHELP.DLL
0x00007ffc192d0000 - 0x00007ffc19659000 	C:\WINDOWS\System32\combase.dll
0x00007ffc1acc0000 - 0x00007ffc1ad97000 	C:\WINDOWS\System32\OLEAUT32.dll
0x00007ffbfc8b0000 - 0x00007ffbfc8e2000 	C:\WINDOWS\SYSTEM32\dbgcore.DLL
0x00007ffc18f10000 - 0x00007ffc18f8b000 	C:\WINDOWS\System32\bcryptPrimitives.dll
0x00007ffbfc330000 - 0x00007ffbfc358000 	C:\Program Files\Android\Android Studio\jbr\bin\java.dll
0x00007ffc0f080000 - 0x00007ffc0f08a000 	C:\Program Files\Android\Android Studio\jbr\bin\jimage.dll
0x00007ffbfc310000 - 0x00007ffbfc328000 	C:\Program Files\Android\Android Studio\jbr\bin\zip.dll

dbghelp: loaded successfully - version: 4.0.5 - missing functions: none
symbol engine: initialized successfully - sym options: 0x614 - pdb path: .;C:\Program Files\Android\Android Studio\jbr\bin;C:\WINDOWS\SYSTEM32;C:\WINDOWS\WinSxS\amd64_microsoft.windows.common-controls_6595b64144ccf1df_6.0.22621.1635_none_270f70857386168e;C:\Program Files\Android\Android Studio\jbr\bin\server

VM Arguments:
java_command: git4idea.http.GitAskPassApp Username for 'https://github.com': 
java_class_path (initial): C:/Program Files/Android/Android Studio/plugins/git4idea/lib/git4idea-rt.jar;C:/Program Files/Android/Android Studio/lib/externalProcess-rt.jar;C:/Program Files/Android/Android Studio/lib/app.jar;C:/Program Files/Android/Android Studio/lib/3rd-party-rt.jar
Launcher Type: SUN_STANDARD

[Global flags]
     intx CICompilerCount                          = 4                                         {product} {ergonomic}
     uint ConcGCThreads                            = 3                                         {product} {ergonomic}
     uint G1ConcRefinementThreads                  = 10                                        {product} {ergonomic}
   size_t G1HeapRegionSize                         = 1048576                                   {product} {ergonomic}
    uintx GCDrainStackTargetSize                   = 64                                        {product} {ergonomic}
   size_t InitialHeapSize                          = 132120576                                 {product} {ergonomic}
   size_t MarkStackSize                            = 4194304                                   {product} {ergonomic}
   size_t MaxHeapSize                              = 2086666240                                {product} {ergonomic}
   size_t MinHeapDeltaBytes                        = 1048576                                   {product} {ergonomic}
    uintx NonNMethodCodeHeapSize                   = 5836300                                {pd product} {ergonomic}
    uintx NonProfiledCodeHeapSize                  = 122910970                              {pd product} {ergonomic}
    uintx ProfiledCodeHeapSize                     = 122910970                              {pd product} {ergonomic}
    uintx ReservedCodeCacheSize                    = 251658240                              {pd product} {ergonomic}
     bool SegmentedCodeCache                       = true                                      {product} {ergonomic}
     bool UseCompressedClassPointers               = true                                 {lp64_product} {ergonomic}
     bool UseCompressedOops                        = true                                 {lp64_product} {ergonomic}
     bool UseG1GC                                  = true                                      {product} {ergonomic}
     bool UseLargePagesIndividualAllocation        = false                                  {pd product} {ergonomic}

Logging:
Log output configuration:
 #0: stdout all=warning uptime,level,tags
 #1: stderr all=off uptime,level,tags

Environment Variables:
JAVA_HOME=C:\Program Files\Java\jdk-17
PATH=C:\Program Files\Git\mingw64\libexec\git-core;C:\Program Files\Git\mingw64\libexec\git-core;C:\Program Files\Git\mingw64\bin;C:\Program Files\Git\usr\bin;C:\Users\ACER\bin;C:\Program Files\Java\jdk-17\bin;C:\Program Files\Common Files\Oracle\Java\javapath;C:\Python311\Scripts;C:\Python311;C:\Program Files (x86)\VMware\VMware Workstation\bin;C:\Windows\system32;C:\Windows;C:\Windows\System32\Wbem;C:\Windows\System32\WindowsPowerShell\v1.0;C:\Windows\System32\OpenSSH;C:\Program Files (x86)\NVIDIA Corporation\PhysX\Common;C:\Program Files\dotnet;C:\Program Files\NVIDIA Corporation\NVIDIA NvDLISR;C:\Program Files\nodejs;C:\ProgramData\chocolatey\bin;C:\Program Files\gradle-8.0.2\bin;C:\WINDOWS\system32;C:\WINDOWS;C:\WINDOWS\System32\Wbem;C:\WINDOWS\System32\WindowsPowerShell\v1.0;C:\WINDOWS\System32\OpenSSH;C:\Program Files\Git\cmd;C:\Program Files\GitHub CLI;C:\Users\ACER\AppData\Roaming\TinyTeX\bin\win32;C:\Users\ACER\AppData\Local\Programs\Python\Python310\Scripts;C:\Users\ACER\AppData\Local\Programs\Python\Python310;C:\Users\ACER\AppData\Local\Microsoft\WindowsApps;C:\Users\ACER\AppData\Local\Programs\Microsoft VS Code\bin;C:\Users\ACER\AppData\Local\Programs\MiKTeX\miktex\bin\x64;C:\Users\ACER\AppData\Roaming\npm;C:\Program Files\JetBrains\IntelliJ IDEA 2022.3.2\bin;C:\Program Files\JetBrains\IntelliJ IDEA Community Edition 2022.3.2\bin
USERNAME=ACER
DISPLAY=:0.0
LC_ALL=en_US.UTF-8
OS=Windows_NT
PROCESSOR_IDENTIFIER=Intel64 Family 6 Model 141 Stepping 1, GenuineIntel



---------------  S Y S T E M  ---------------

OS: Windows 11 , 64 bit Build 22621 (10.0.22621.1635)
OS uptime: 1 days 9:20 hours
Hyper-V role detected

CPU:total 12 (initial active 12) (6 cores per cpu, 2 threads per core) family 6 model 141 stepping 1 microcode 0x3c, cmov, cx8, fxsr, mmx, sse, sse2, sse3, ssse3, sse4.1, sse4.2, popcnt, avx, avx2, aes, clmul, erms, 3dnowpref, lzcnt, ht, tsc, tscinvbit, bmi1, bmi2, adx, evex, sha, fma

Memory: 4k page, system-wide physical 7955M (179M free)
TotalPageFile size 20243M (AvailPageFile size 6M)
current process WorkingSet (physical memory assigned to process): 10M, peak: 10M
current process commit charge ("private bytes"): 62M, peak: 63M

vm_info: OpenJDK 64-Bit Server VM (11.0.15+0-b2043.56-9505619) for windows-amd64 JRE (11.0.15+0-b2043.56-9505619), built on Jan 19 2023 02:48:00 by "builduser" with unknown MS VC++:1929

END.
